C:\GITHUB_CLONE\OPENGLUTVS2012PROJECT\OPENGL\RELEASE\SNAKE.OBJ
C:\GITHUB_CLONE\OPENGLUTVS2012PROJECT\OPENGL\RELEASE\SCENARIO.OBJ
C:\GITHUB_CLONE\OPENGLUTVS2012PROJECT\OPENGL\RELEASE\GAME.OBJ
C:\GITHUB_CLONE\OPENGLUTVS2012PROJECT\OPENGL\RELEASE\MAIN.OBJ
C:\GITHUB_CLONE\OPENGLUTVS2012PROJECT\OPENGL\RELEASE\VC110.PDB
C:\GITHUB_CLONE\OPENGLUTVS2012PROJECT\OPENGL\RELEASE\STB_IMAGE_AUG.OBJ
C:\GITHUB_CLONE\OPENGLUTVS2012PROJECT\OPENGL\RELEASE\SOIL.OBJ
C:\GITHUB_CLONE\OPENGLUTVS2012PROJECT\OPENGL\RELEASE\IMAGE_HELPER.OBJ
C:\GITHUB_CLONE\OPENGLUTVS2012PROJECT\OPENGL\RELEASE\IMAGE_DXT.OBJ
C:\GITHUB_CLONE\OPENGLUTVS2012PROJECT\RELEASE\OPENGL.EXE
C:\GITHUB_CLONE\OPENGLUTVS2012PROJECT\RELEASE\OPENGL.PDB
C:\github_clone\openglutvs2012project\opengl\Release\game.obj
C:\github_clone\openglutvs2012project\opengl\Release\image_dxt.obj
C:\github_clone\openglutvs2012project\opengl\Release\image_helper.obj
C:\github_clone\openglutvs2012project\opengl\Release\main.obj
C:\github_clone\openglutvs2012project\opengl\Release\scenario.obj
C:\github_clone\openglutvs2012project\opengl\Release\snake.obj
C:\github_clone\openglutvs2012project\opengl\Release\soil.obj
C:\github_clone\openglutvs2012project\opengl\Release\stb_image_aug.obj
C:\github_clone\openglutvs2012project\opengl\Release\cl.command.1.tlog
C:\github_clone\openglutvs2012project\opengl\Release\CL.read.1.tlog
C:\github_clone\openglutvs2012project\opengl\Release\CL.write.1.tlog
C:\github_clone\openglutvs2012project\opengl\Release\link-cvtres.read.1.tlog
C:\github_clone\openglutvs2012project\opengl\Release\link-cvtres.write.1.tlog
C:\github_clone\openglutvs2012project\opengl\Release\link-rc.read.1.tlog
C:\github_clone\openglutvs2012project\opengl\Release\link-rc.write.1.tlog
C:\github_clone\openglutvs2012project\opengl\Release\link.command.1.tlog
C:\github_clone\openglutvs2012project\opengl\Release\link.read.1.tlog
C:\github_clone\openglutvs2012project\opengl\Release\link.write.1.tlog
C:\github_clone\openglutvs2012project\opengl\Release\vc110.pdb
C:\github_clone\openglutvs2012project\Release\opengl.pdb
C:\github_clone\openglutvs2012project\Release\opengl.exe
