C:\GITHUB_CLONE\OPENGLUTVS2012PROJECT\OPENGL\DEBUG\BMP.OBJ
C:\GITHUB_CLONE\OPENGLUTVS2012PROJECT\OPENGL\DEBUG\GAME.OBJ
C:\GITHUB_CLONE\OPENGLUTVS2012PROJECT\OPENGL\DEBUG\MAIN.OBJ
C:\GITHUB_CLONE\OPENGLUTVS2012PROJECT\OPENGL\DEBUG\POINTS.OBJ
C:\GITHUB_CLONE\OPENGLUTVS2012PROJECT\OPENGL\DEBUG\LINES.OBJ
C:\GITHUB_CLONE\OPENGLUTVS2012PROJECT\OPENGL\DEBUG\SCENARIO.OBJ
C:\GITHUB_CLONE\OPENGLUTVS2012PROJECT\OPENGL\DEBUG\SNAKE.OBJ
C:\GITHUB_CLONE\OPENGLUTVS2012PROJECT\OPENGL\DEBUG\WINDIR.OBJ
C:\GITHUB_CLONE\OPENGLUTVS2012PROJECT\OPENGL\DEBUG\VC110.PDB
C:\GITHUB_CLONE\OPENGLUTVS2012PROJECT\OPENGL\DEBUG\IMAGE_DXT.OBJ
C:\GITHUB_CLONE\OPENGLUTVS2012PROJECT\OPENGL\DEBUG\IMAGE_HELPER.OBJ
C:\GITHUB_CLONE\OPENGLUTVS2012PROJECT\OPENGL\DEBUG\SOIL.OBJ
C:\GITHUB_CLONE\OPENGLUTVS2012PROJECT\OPENGL\DEBUG\STB_IMAGE_AUG.OBJ
C:\GITHUB_CLONE\OPENGLUTVS2012PROJECT\DEBUG\OPENGL.ILK
C:\GITHUB_CLONE\OPENGLUTVS2012PROJECT\DEBUG\OPENGL.EXE
C:\GITHUB_CLONE\OPENGLUTVS2012PROJECT\DEBUG\OPENGL.PDB
C:\github_clone\openglutvs2012project\opengl\Debug\bmp.obj
C:\github_clone\openglutvs2012project\opengl\Debug\game.obj
C:\github_clone\openglutvs2012project\opengl\Debug\image_dxt.obj
C:\github_clone\openglutvs2012project\opengl\Debug\image_helper.obj
C:\github_clone\openglutvs2012project\opengl\Debug\lines.obj
C:\github_clone\openglutvs2012project\opengl\Debug\main.obj
C:\github_clone\openglutvs2012project\opengl\Debug\points.obj
C:\github_clone\openglutvs2012project\opengl\Debug\scenario.obj
C:\github_clone\openglutvs2012project\opengl\Debug\snake.obj
C:\github_clone\openglutvs2012project\opengl\Debug\soil.obj
C:\github_clone\openglutvs2012project\opengl\Debug\stb_image_aug.obj
C:\github_clone\openglutvs2012project\opengl\Debug\winDir.obj
C:\github_clone\openglutvs2012project\opengl\Debug\cl.command.1.tlog
C:\github_clone\openglutvs2012project\opengl\Debug\CL.read.1.tlog
C:\github_clone\openglutvs2012project\opengl\Debug\CL.write.1.tlog
C:\github_clone\openglutvs2012project\opengl\Debug\link-cvtres.read.1.tlog
C:\github_clone\openglutvs2012project\opengl\Debug\link-cvtres.write.1.tlog
C:\github_clone\openglutvs2012project\opengl\Debug\link-rc.read.1.tlog
C:\github_clone\openglutvs2012project\opengl\Debug\link-rc.write.1.tlog
C:\github_clone\openglutvs2012project\opengl\Debug\link.command.1.tlog
C:\github_clone\openglutvs2012project\opengl\Debug\link.read.1.tlog
C:\github_clone\openglutvs2012project\opengl\Debug\link.write.1.tlog
C:\github_clone\openglutvs2012project\opengl\Debug\vc110.idb
C:\github_clone\openglutvs2012project\opengl\Debug\vc110.pdb
C:\github_clone\openglutvs2012project\Debug\opengl.pdb
C:\github_clone\openglutvs2012project\Debug\opengl.exe
C:\github_clone\openglutvs2012project\Debug\opengl.ilk
